<assembly
	xmlns="http://maven.apache.org/plugins/maven-assembly-plugin/assembly/1.1.0"
	xmlns:xsi="http://www.w3.org/2001/XMLSchema-instance"
	xsi:schemaLocation="http://maven.apache.org/plugins/maven-assembly-plugin/assembly/1.1.0 http://maven.apache.org/xsd/assembly-1.1.0.xsd">

	<id>test-model-xml</id>
	<formats>
		<format>jar</format>
	</formats>
	<includeBaseDirectory>false</includeBaseDirectory>

	<fileSets>
		<fileSet>
			<directory>src/test/resources/models/</directory>
			<includes>
				<include>CmFunction_Extension-1.0.0.xml</include>
			</includes>
			<outputDirectory>/modeling/etc/model/dps_primarytype_ext/OSS_NE_CM_DEF/CmFunction_Extension</outputDirectory>
		</fileSet>
	</fileSets>

</assembly>